# JRE version: OpenJDK Runtime Environment (14.0.1+8) (build 14.0.1+8)
# Java VM: OpenJDK 64-Bit Server VM (14.0.1+8, mixed mode, sharing, tiered, compressed oops, parallel gc, linux-amd64)
Heap:
 PSYoungGen      total 5632K, used 1024K [0x00000000eab00000, 0x00000000eb580000, 0x0000000100000000)
  eden space 4608K, 0% used [0x00000000eab00000,0x00000000eab00000,0x00000000eaf80000)
  from space 1024K, 100% used [0x00000000eb280000,0x00000000eb380000,0x00000000eb380000)
  to   space 3072K, 0% used [0x00000000eaf80000,0x00000000eaf80000,0x00000000eb280000)
 ParOldGen       total 129024K, used 128744K [0x00000000c0000000, 0x00000000c7e00000, 0x00000000eab00000)
  object space 129024K, 99% used [0x00000000c0000000,0x00000000c7dba2e8,0x00000000c7e00000)
 Metaspace       used 70384K, capacity 73448K, committed 73856K, reserved 1116160K
  class space    used 6663K, capacity 7769K, committed 7808K, reserved 1048576K
GC Heap History (20 events):
Event: 1009.693 GC heap after
{Heap after GC invocations=1573 (full 61):
 PSYoungGen      total 4096K, used 192K [0x00000000eab00000, 0x00000000eb680000, 0x0000000100000000)
  eden space 3584K, 0% used [0x00000000eab00000,0x00000000eab00000,0x00000000eae80000)
  from space 512K, 37% used [0x00000000eae80000,0x00000000eaeb0000,0x00000000eaf00000)
  to   space 3072K, 0% used [0x00000000eb380000,0x00000000eb380000,0x00000000eb680000)
 ParOldGen       total 129024K, used 124335K [0x00000000c0000000, 0x00000000c7e00000, 0x00000000eab00000)
  object space 129024K, 96% used [0x00000000c0000000,0x00000000c796bc30,0x00000000c7e00000)
 Metaspace       used 70359K, capacity 73448K, committed 73856K, reserved 1116160K
  class space    used 6663K, capacity 7769K, committed 7808K, reserved 1048576K
}
Event: 1009.702 GC heap before
{Heap before GC invocations=1574 (full 61):
 PSYoungGen      total 4096K, used 3776K [0x00000000eab00000, 0x00000000eb680000, 0x0000000100000000)
  eden space 3584K, 100% used [0x00000000eab00000,0x00000000eae80000,0x00000000eae80000)
  from space 512K, 37% used [0x00000000eae80000,0x00000000eaeb0000,0x00000000eaf00000)
  to   space 3072K, 0% used [0x00000000eb380000,0x00000000eb380000,0x00000000eb680000)
 ParOldGen       total 129024K, used 124335K [0x00000000c0000000, 0x00000000c7e00000, 0x00000000eab00000)
  object space 129024K, 96% used [0x00000000c0000000,0x00000000c796bc30,0x00000000c7e00000)
 Metaspace       used 70364K, capacity 73448K, committed 73856K, reserved 1116160K
  class space    used 6663K, capacity 7769K, committed 7808K, reserved 1048576K
}
Event: 1009.703 GC heap after
{Heap after GC invocations=1574 (full 61):
 PSYoungGen      total 5632K, used 928K [0x00000000eab00000, 0x00000000eb480000, 0x0000000100000000)
  eden space 4608K, 0% used [0x00000000eab00000,0x00000000eab00000,0x00000000eaf80000)
  from space 1024K, 90% used [0x00000000eb380000,0x00000000eb468000,0x00000000eb480000)
  to   space 1536K, 0% used [0x00000000eb180000,0x00000000eb180000,0x00000000eb300000)
 ParOldGen       total 129024K, used 124473K [0x00000000c0000000, 0x00000000c7e00000, 0x00000000eab00000)
  object space 129024K, 96% used [0x00000000c0000000,0x00000000c798e630,0x00000000c7e00000)
 Metaspace       used 70364K, capacity 73448K, committed 73856K, reserved 1116160K
  class space    used 6663K, capacity 7769K, committed 7808K, reserved 1048576K
}
Event: 1009.714 GC heap before
{Heap before GC invocations=1575 (full 61):
 PSYoungGen      total 5632K, used 5536K [0x00000000eab00000, 0x00000000eb480000, 0x0000000100000000)
  eden space 4608K, 100% used [0x00000000eab00000,0x00000000eaf80000,0x00000000eaf80000)
  from space 1024K, 90% used [0x00000000eb380000,0x00000000eb468000,0x00000000eb480000)
  to   space 1536K, 0% used [0x00000000eb180000,0x00000000eb180000,0x00000000eb300000)
 ParOldGen       total 129024K, used 124473K [0x00000000c0000000, 0x00000000c7e00000, 0x00000000eab00000)
  object space 129024K, 96% used [0x00000000c0000000,0x00000000c798e630,0x00000000c7e00000)
 Metaspace       used 70368K, capacity 73448K, committed 73856K, reserved 1116160K
  class space    used 6663K, capacity 7769K, committed 7808K, reserved 1048576K
}
Event: 1009.716 GC heap after
{Heap after GC invocations=1575 (full 61):
 PSYoungGen      total 6144K, used 320K [0x00000000eab00000, 0x00000000eb400000, 0x0000000100000000)
  eden space 4608K, 0% used [0x00000000eab00000,0x00000000eab00000,0x00000000eaf80000)
  from space 1536K, 20% used [0x00000000eb180000,0x00000000eb1d0000,0x00000000eb300000)
  to   space 1024K, 0% used [0x00000000eb300000,0x00000000eb300000,0x00000000eb400000)
 ParOldGen       total 129024K, used 125348K [0x00000000c0000000, 0x00000000c7e00000, 0x00000000eab00000)
  object space 129024K, 97% used [0x00000000c0000000,0x00000000c7a69068,0x00000000c7e00000)
 Metaspace       used 70368K, capacity 73448K, committed 73856K, reserved 1116160K
  class space    used 6663K, capacity 7769K, committed 7808K, reserved 1048576K
}
Event: 1009.722 GC heap before
{Heap before GC invocations=1576 (full 61):
 PSYoungGen      total 6144K, used 4876K [0x00000000eab00000, 0x00000000eb400000, 0x0000000100000000)
  eden space 4608K, 98% used [0x00000000eab00000,0x00000000eaf731c8,0x00000000eaf80000)
  from space 1536K, 20% used [0x00000000eb180000,0x00000000eb1d0000,0x00000000eb300000)
  to   space 1024K, 0% used [0x00000000eb300000,0x00000000eb300000,0x00000000eb400000)
 ParOldGen       total 129024K, used 125348K [0x00000000c0000000, 0x00000000c7e00000, 0x00000000eab00000)
  object space 129024K, 97% used [0x00000000c0000000,0x00000000c7a69068,0x00000000c7e00000)
 Metaspace       used 70368K, capacity 73448K, committed 73856K, reserved 1116160K
  class space    used 6663K, capacity 7769K, committed 7808K, reserved 1048576K
}
Event: 1009.723 GC heap after
{Heap after GC invocations=1576 (full 61):
 PSYoungGen      total 5632K, used 800K [0x00000000eab00000, 0x00000000eb400000, 0x0000000100000000)
  eden space 4608K, 0% used [0x00000000eab00000,0x00000000eab00000,0x00000000eaf80000)
  from space 1024K, 78% used [0x00000000eb300000,0x00000000eb3c8000,0x00000000eb400000)
  to   space 1024K, 0% used [0x00000000eb200000,0x00000000eb200000,0x00000000eb300000)
 ParOldGen       total 129024K, used 125492K [0x00000000c0000000, 0x00000000c7e00000, 0x00000000eab00000)
  object space 129024K, 97% used [0x00000000c0000000,0x00000000c7a8d068,0x00000000c7e00000)
 Metaspace       used 70368K, capacity 73448K, committed 73856K, reserved 1116160K
  class space    used 6663K, capacity 7769K, committed 7808K, reserved 1048576K
}
Event: 1009.734 GC heap before
{Heap before GC invocations=1577 (full 61):
 PSYoungGen      total 5632K, used 5408K [0x00000000eab00000, 0x00000000eb400000, 0x0000000100000000)
  eden space 4608K, 100% used [0x00000000eab00000,0x00000000eaf80000,0x00000000eaf80000)
  from space 1024K, 78% used [0x00000000eb300000,0x00000000eb3c8000,0x00000000eb400000)
  to   space 1024K, 0% used [0x00000000eb200000,0x00000000eb200000,0x00000000eb300000)
 ParOldGen       total 129024K, used 125492K [0x00000000c0000000, 0x00000000c7e00000, 0x00000000eab00000)
  object space 129024K, 97% used [0x00000000c0000000,0x00000000c7a8d068,0x00000000c7e00000)
 Metaspace       used 70368K, capacity 73448K, committed 73856K, reserved 1116160K
  class space    used 6663K, capacity 7769K, committed 7808K, reserved 1048576K
}
Event: 1009.735 GC heap after
{Heap after GC invocations=1577 (full 61):
 PSYoungGen      total 5632K, used 531K [0x00000000eab00000, 0x00000000eb380000, 0x0000000100000000)
  eden space 4608K, 0% used [0x00000000eab00000,0x00000000eab00000,0x00000000eaf80000)
  from space 1024K, 51% used [0x00000000eb200000,0x00000000eb284d00,0x00000000eb300000)
  to   space 512K, 0% used [0x00000000eb300000,0x00000000eb300000,0x00000000eb380000)
 ParOldGen       total 129024K, used 126242K [0x00000000c0000000, 0x00000000c7e00000, 0x00000000eab00000)
  object space 129024K, 97% used [0x00000000c0000000,0x00000000c7b489d8,0x00000000c7e00000)
 Metaspace       used 70368K, capacity 73448K, committed 73856K, reserved 1116160K
  class space    used 6663K, capacity 7769K, committed 7808K, reserved 1048576K
}
Event: 1009.747 GC heap before
{Heap before GC invocations=1578 (full 61):
 PSYoungGen      total 5632K, used 5139K [0x00000000eab00000, 0x00000000eb380000, 0x0000000100000000)
  eden space 4608K, 100% used [0x00000000eab00000,0x00000000eaf80000,0x00000000eaf80000)
  from space 1024K, 51% used [0x00000000eb200000,0x00000000eb284d00,0x00000000eb300000)
  to   space 512K, 0% used [0x00000000eb300000,0x00000000eb300000,0x00000000eb380000)
 ParOldGen       total 129024K, used 126242K [0x00000000c0000000, 0x00000000c7e00000, 0x00000000eab00000)
  object space 129024K, 97% used [0x00000000c0000000,0x00000000c7b489d8,0x00000000c7e00000)
 Metaspace       used 70369K, capacity 73448K, committed 73856K, reserved 1116160K
  class space    used 6663K, capacity 7769K, committed 7808K, reserved 1048576K
}
Event: 1009.748 GC heap after
{Heap after GC invocations=1578 (full 61):
 PSYoungGen      total 5120K, used 224K [0x00000000eab00000, 0x00000000eb380000, 0x0000000100000000)
  eden space 4608K, 0% used [0x00000000eab00000,0x00000000eab00000,0x00000000eaf80000)
  from space 512K, 43% used [0x00000000eb300000,0x00000000eb338000,0x00000000eb380000)
  to   space 512K, 0% used [0x00000000eb280000,0x00000000eb280000,0x00000000eb300000)
 ParOldGen       total 129024K, used 126250K [0x00000000c0000000, 0x00000000c7e00000, 0x00000000eab00000)
  object space 129024K, 97% used [0x00000000c0000000,0x00000000c7b4a9d8,0x00000000c7e00000)
 Metaspace       used 70369K, capacity 73448K, committed 73856K, reserved 1116160K
  class space    used 6663K, capacity 7769K, committed 7808K, reserved 1048576K
}
Event: 1009.755 GC heap before
{Heap before GC invocations=1579 (full 61):
 PSYoungGen      total 5120K, used 4832K [0x00000000eab00000, 0x00000000eb380000, 0x0000000100000000)
  eden space 4608K, 100% used [0x00000000eab00000,0x00000000eaf80000,0x00000000eaf80000)
  from space 512K, 43% used [0x00000000eb300000,0x00000000eb338000,0x00000000eb380000)
  to   space 512K, 0% used [0x00000000eb280000,0x00000000eb280000,0x00000000eb300000)
 ParOldGen       total 129024K, used 126250K [0x00000000c0000000, 0x00000000c7e00000, 0x00000000eab00000)
  object space 129024K, 97% used [0x00000000c0000000,0x00000000c7b4a9d8,0x00000000c7e00000)
 Metaspace       used 70369K, capacity 73448K, committed 73856K, reserved 1116160K
  class space    used 6663K, capacity 7769K, committed 7808K, reserved 1048576K
}
Event: 1009.756 GC heap after
{Heap after GC invocations=1579 (full 61):
 PSYoungGen      total 5120K, used 512K [0x00000000eab00000, 0x00000000eb380000, 0x0000000100000000)
  eden space 4608K, 0% used [0x00000000eab00000,0x00000000eab00000,0x00000000eaf80000)
  from space 512K, 100% used [0x00000000eb280000,0x00000000eb300000,0x00000000eb300000)
  to   space 512K, 0% used [0x00000000eb300000,0x00000000eb300000,0x00000000eb380000)
 ParOldGen       total 129024K, used 126463K [0x00000000c0000000, 0x00000000c7e00000, 0x00000000eab00000)
  object space 129024K, 98% used [0x00000000c0000000,0x00000000c7b7ff10,0x00000000c7e00000)
 Metaspace       used 70369K, capacity 73448K, committed 73856K, reserved 1116160K
  class space    used 6663K, capacity 7769K, committed 7808K, reserved 1048576K
}
Event: 1011.517 GC heap before
{Heap before GC invocations=1580 (full 61):
 PSYoungGen      total 5120K, used 5120K [0x00000000eab00000, 0x00000000eb380000, 0x0000000100000000)
  eden space 4608K, 100% used [0x00000000eab00000,0x00000000eaf80000,0x00000000eaf80000)
  from space 512K, 100% used [0x00000000eb280000,0x00000000eb300000,0x00000000eb300000)
  to   space 512K, 0% used [0x00000000eb300000,0x00000000eb300000,0x00000000eb380000)
 ParOldGen       total 129024K, used 126463K [0x00000000c0000000, 0x00000000c7e00000, 0x00000000eab00000)
  object space 129024K, 98% used [0x00000000c0000000,0x00000000c7b7ff10,0x00000000c7e00000)
 Metaspace       used 70377K, capacity 73448K, committed 73856K, reserved 1116160K
  class space    used 6663K, capacity 7769K, committed 7808K, reserved 1048576K
}
Event: 1011.518 GC heap after
{Heap after GC invocations=1580 (full 61):
 PSYoungGen      total 5120K, used 512K [0x00000000eab00000, 0x00000000eb380000, 0x0000000100000000)
  eden space 4608K, 0% used [0x00000000eab00000,0x00000000eab00000,0x00000000eaf80000)
  from space 512K, 100% used [0x00000000eb300000,0x00000000eb380000,0x00000000eb380000)
  to   space 1536K, 0% used [0x00000000eb080000,0x00000000eb080000,0x00000000eb200000)
 ParOldGen       total 129024K, used 126982K [0x00000000c0000000, 0x00000000c7e00000, 0x00000000eab00000)
  object space 129024K, 98% used [0x00000000c0000000,0x00000000c7c01900,0x00000000c7e00000)
 Metaspace       used 70377K, capacity 73448K, committed 73856K, reserved 1116160K
  class space    used 6663K, capacity 7769K, committed 7808K, reserved 1048576K
}
Event: 1011.539 GC heap before
{Heap before GC invocations=1581 (full 61):
 PSYoungGen      total 5120K, used 5118K [0x00000000eab00000, 0x00000000eb380000, 0x0000000100000000)
  eden space 4608K, 99% used [0x00000000eab00000,0x00000000eaf7f918,0x00000000eaf80000)
  from space 512K, 100% used [0x00000000eb300000,0x00000000eb380000,0x00000000eb380000)
  to   space 1536K, 0% used [0x00000000eb080000,0x00000000eb080000,0x00000000eb200000)
 ParOldGen       total 129024K, used 126982K [0x00000000c0000000, 0x00000000c7e00000, 0x00000000eab00000)
  object space 129024K, 98% used [0x00000000c0000000,0x00000000c7c01900,0x00000000c7e00000)
 Metaspace       used 70384K, capacity 73448K, committed 73856K, reserved 1116160K
  class space    used 6663K, capacity 7769K, committed 7808K, reserved 1048576K
}
Event: 1011.542 GC heap after
{Heap after GC invocations=1581 (full 61):
 PSYoungGen      total 6144K, used 1008K [0x00000000eab00000, 0x00000000eb380000, 0x0000000100000000)
  eden space 4608K, 0% used [0x00000000eab00000,0x00000000eab00000,0x00000000eaf80000)
  from space 1536K, 65% used [0x00000000eb080000,0x00000000eb17c010,0x00000000eb200000)
  to   space 1024K, 0% used [0x00000000eb280000,0x00000000eb280000,0x00000000eb380000)
 ParOldGen       total 129024K, used 127230K [0x00000000c0000000, 0x00000000c7e00000, 0x00000000eab00000)
  object space 129024K, 98% used [0x00000000c0000000,0x00000000c7c3f900,0x00000000c7e00000)
 Metaspace       used 70384K, capacity 73448K, committed 73856K, reserved 1116160K
  class space    used 6663K, capacity 7769K, committed 7808K, reserved 1048576K
}
Event: 1011.573 GC heap before
{Heap before GC invocations=1582 (full 61):
 PSYoungGen      total 6144K, used 5616K [0x00000000eab00000, 0x00000000eb380000, 0x0000000100000000)
  eden space 4608K, 100% used [0x00000000eab00000,0x00000000eaf80000,0x00000000eaf80000)
  from space 1536K, 65% used [0x00000000eb080000,0x00000000eb17c010,0x00000000eb200000)
  to   space 1024K, 0% used [0x00000000eb280000,0x00000000eb280000,0x00000000eb380000)
 ParOldGen       total 129024K, used 127230K [0x00000000c0000000, 0x00000000c7e00000, 0x00000000eab00000)
  object space 129024K, 98% used [0x00000000c0000000,0x00000000c7c3f900,0x00000000c7e00000)
 Metaspace       used 70384K, capacity 73448K, committed 73856K, reserved 1116160K
  class space    used 6663K, capacity 7769K, committed 7808K, reserved 1048576K
}
Event: 1011.574 GC heap after
{Heap after GC invocations=1582 (full 61):
 PSYoungGen      total 5632K, used 1024K [0x00000000eab00000, 0x00000000eb580000, 0x0000000100000000)
  eden space 4608K, 0% used [0x00000000eab00000,0x00000000eab00000,0x00000000eaf80000)
  from space 1024K, 100% used [0x00000000eb280000,0x00000000eb380000,0x00000000eb380000)
  to   space 3072K, 0% used [0x00000000eaf80000,0x00000000eaf80000,0x00000000eb280000)
 ParOldGen       total 129024K, used 128744K [0x00000000c0000000, 0x00000000c7e00000, 0x00000000eab00000)
  object space 129024K, 99% used [0x00000000c0000000,0x00000000c7dba2e8,0x00000000c7e00000)
 Metaspace       used 70384K, capacity 73448K, committed 73856K, reserved 1116160K
  class space    used 6663K, capacity 7769K, committed 7808K, reserved 1048576K
}
Event: 1011.574 GC heap before
{Heap before GC invocations=1583 (full 62):
 PSYoungGen      total 5632K, used 1024K [0x00000000eab00000, 0x00000000eb580000, 0x0000000100000000)
  eden space 4608K, 0% used [0x00000000eab00000,0x00000000eab00000,0x00000000eaf80000)
  from space 1024K, 100% used [0x00000000eb280000,0x00000000eb380000,0x00000000eb380000)
  to   space 3072K, 0% used [0x00000000eaf80000,0x00000000eaf80000,0x00000000eb280000)
 ParOldGen       total 129024K, used 128744K [0x00000000c0000000, 0x00000000c7e00000, 0x00000000eab00000)
  object space 129024K, 99% used [0x00000000c0000000,0x00000000c7dba2e8,0x00000000c7e00000)
 Metaspace       used 70384K, capacity 73448K, committed 73856K, reserved 1116160K
  class space    used 6663K, capacity 7769K, committed 7808K, reserved 1048576K
}

